<?xml version="1.0" encoding="UTF-8"?>
<!-- Generated by org.testng.reporters.JUnitReportReporter -->
<testsuite hostname="DESKTOP-7RUH0IV" failures="0" tests="3" name="project4.MyFourthTest" time="11.150" errors="0" timestamp="2024-08-27T10:47:40 PDT" skipped="0">
  <testcase classname="project4.MyFourthTest" name="CreatAnAccount" time="6.133"/>
  <system-out/>
  <testcase classname="project4.MyFourthTest" name="logout" time="1.381"/>
  <system-out/>
  <testcase classname="project4.MyFourthTest" name="loginpage" time="3.636"/>
  <system-out/>
</testsuite> <!-- project4.MyFourthTest -->
