<?xml version="1.0" encoding="UTF-8"?>
<!-- Generated by org.testng.reporters.JUnitReportReporter -->
<testsuite hostname="DESKTOP-7RUH0IV" failures="0" tests="5" name="project4.MyFourthTest" time="17.966" errors="0" timestamp="2024-08-31T14:41:15 PDT" skipped="4">
  <testcase classname="project4.MyFourthTest" name="addWomentem" time="17.966"/>
  <system-out/>
  <testcase classname="project4.MyFourthTest" name="loginpage">
    <skipped/>
  </testcase> <!-- loginpage -->
  <system-out/>
  <testcase classname="project4.MyFourthTest" name="logout">
    <skipped/>
  </testcase> <!-- logout -->
  <system-out/>
  <testcase classname="project4.MyFourthTest" name="CreatAnAccount">
    <skipped/>
  </testcase> <!-- CreatAnAccount -->
  <system-out/>
  <testcase classname="project4.MyFourthTest" name="addMenItem">
    <skipped/>
  </testcase> <!-- addMenItem -->
  <system-out/>
</testsuite> <!-- project4.MyFourthTest -->
